Starting process: Module

Starting process: 

SCUBA, Version Diamond_1.2_Production (92)
Tue May  8 11:42:43 2012

Copyright (c) 1991-1994 by NeoCAD Inc. All rights reserved.
Copyright (c) 1995 AT&T Corp.   All rights reserved.
Copyright (c) 1995-2001 Lucent Technologies Inc.  All rights reserved.
Copyright (c) 2001 Agere Systems   All rights reserved.
Copyright (c) 2002-2011 Lattice Semiconductor Corporation,  All rights reserved.

BEGIN SCUBA Module Synthesis

    Issued command   : /usr/local/diamond/1.2/ispfpga/bin/lin/scuba -w -n add_sub_16bit -lang verilog -synth synplify -bus_exp 7 -bb -arch mg5a00 -type mgaddsub -add_sub -width 18 -signed -pipeline 0 -e 
    Circuit name     : add_sub_16bit
    Module type      : addsub
    Module Version   : 3.1
    Width            : 18
    Ports            : 
	Inputs       : DataA[17:0], DataB[17:0], Add_Sub
	Outputs      : Result[17:0]
    I/O buffer       : not inserted
    Representation   : signed number
    EDIF output      : suppressed
    Verilog output   : add_sub_16bit.v
    Verilog template : add_sub_16bit_tmpl.v
    Verilog testbench: tb_add_sub_16bit_tmpl.v
    Verilog purpose  : for synthesis and simulation
    Bus notation     : big endian
    Report output    : add_sub_16bit.srp
    Estimated Resource Usage:
            LUT : 20

END   SCUBA Module Synthesis

File: add_sub_16bit.lpc created.


End process: completed successfully.


Total Warnings:  0

Total Errors:  0


